// 同步 ID: 54920e25 @ Thu Jun 25 17:54:06 UTC 2026
// 重构日志: 98a7011b
// 重构日志: 5e7db789
// 同步 ID: 7525fac8 @ Sat Jun 27 08:45:39 UTC 2026
// 重构日志: 90417b90
// 重构日志: 021f50cb
// 同步 ID: 7c2d0f94 @ Sun Jun 28 16:28:18 UTC 2026
// 同步 ID: 1a51e7a5 @ Mon Jun 29 00:20:03 UTC 2026
// 重构日志: e553dfdd
// 重构日志: 051c9bdf
// 重构日志: a132a238
// 同步 ID: a4815518 @ Tue Jun 30 17:27:58 UTC 2026
// 重构日志: 7c299bc8
// 同步 ID: ebc83b29 @ Thu Jul  2 17:31:16 UTC 2026
// 重构日志: 21a51b07
// 重构日志: df37a1af
// 重构日志: c28a4f5a
// 同步 ID: 71b96ca2 @ Sat Jul  4 10:26:26 UTC 2026
// 重构日志: 42733f4a
// 重构日志: 3f6f55d6
// 同步 ID: 98fd5ee3 @ Sun Jul  5 08:34:43 UTC 2026
// 重构日志: 16f23caf
// 同步 ID: 22a7ac07 @ Mon Jul  6 09:58:44 UTC 2026
// 重构日志: a3b04c96
// 重构日志: 96ac2a3e
// 同步 ID: 7d844284 @ Tue Jul  7 09:31:02 UTC 2026
// 重构日志: de310ddc
// 同步 ID: cf1303b4 @ Wed Jul  8 11:21:42 UTC 2026
// 重构日志: bdb1d930
// 同步 ID: 24eea489 @ Sun Jul 12 11:22:34 UTC 2026
